
ROM used:   3605/8192 (44%)
            3639/8192 (44%) including unused fragments

            0.8 Average locations per line
            3.4 Average locations per statement

RAM used:   91/368 (25%) at main() level
            130/368 (35%) worst case

Stack used: 8 worst case (6 in main + 2 for interrupts)
Stack size: 8

Lines Stmts  %   Files
----- ----- ---  -----
  584   387  37  main.c
   20     0   0  main.h
  707     0   0  C:\Program Files (x86)\PICC\Devices\16F877A.h
  456    84   8  C:\Program Files (x86)\PICC\Drivers\lcd.c
  696   227  21  Built_in.h
 1354   359  34  C:\Program Files (x86)\PICC\Drivers\stdlib.h
   32     0   0  C:\Program Files (x86)\PICC\Drivers\stddef.h
  435     0   0  C:\Program Files (x86)\PICC\Drivers\string.h
   28     0   0  C:\Program Files (x86)\PICC\Drivers\ctype.h
   37     0   0  C:\Program Files (x86)\PICC\Drivers\stdio.h
----- -----
 4349  1057 Total

Page ROM  %  RAM    Vol Diff  Functions:
---- --- --- ---    --- ----  ----------
0     20   1    1             @delay_ms1
 Inline         3    596  5.9  lcd_read_byte
0      6   0    0     59  4.2  lcd_read_nibble
0     17   0    1    179  3.3  lcd_send_nibble
0     82   2    3    460  4.7  lcd_send_byte
0     72   2    8    814  7.2  lcd_init
0     20   1    4    208  6.3  lcd_gotoxy
0     58   2    1    354  4.7  lcd_putc
0    103   3    5    840  7.7  MFRC522_Rd
0    101   3    5    808  6.2  MFRC522_Wr
0     20   1    4    127  3.3  MFRC522_Clear_Bit
0     19   1    4    120  2.8  MFRC522_Set_Bit
 Inline         0    197  1.8  MFRC522_Reset
 Inline         1     72  2.0  MFRC522_AntennaOn
 Inline         0     25  1.2  MFRC522_AntennaOff
0    112   3    0    298  1.9  MFRC522_Init
0    254   7   17   2288 15.8  MFRC522_ToCard
 Inline         7    319  6.0  MFRC522_Request
 Inline         8    581  8.2  MFRC522_AntiColl
0     61   2    3     89  3.6  MFRC522_isCard
0    107   3    5    195  4.8  MFRC522_ReadCardSerial
0     11   0    0     29  1.2  ngat
0     35   1    3    162  3.8  serial_isr
0     23   1    3             @DIV88
0     33   1    3    149  4.7  bgetc
0    371  10    0   2711  3.5  getkey
0     57   2    5    384  7.7  kt_the
1     76   2    6    379  7.0  them_the
1     86   2    5    485  7.1  xoa_the
1     47   1    4    290  4.3  bipbip
1    211   6    6   1575  7.2  kt_pass
0      3   0    0             @const1151
0    116   3    6             @PSTRINGC7_726
0      8   0    0             @const1156
1   1171  32   25   9074 10.5  MAIN
0      3   0    0             @const1168
0     82   2    7             @PSTRINGC7_115200_62_63
0      3   0    0             @const1170
0      4   0    0             @const1171
0      7   0    0             @const1173
0      6   0    0             @const1174
0      4   0    0             @const1175
0      6   0    0             @const1176
0      1   0    0             @const1177
0      3   0    0             @const1178
0      9   0    0             @const1179
0      6   0    0             @const1180
0      7   0    0             @const1181
0      9   0    0             @const1182
0      7   0    0             @const1183
0      6   0    0             @const1184
0      8   0    0             @const1185
0      7   0    0             @const1186
0      4   0    0             @const1187
0     10   0    0             @const1188
0      5   0    0             @const1189
0      9   0    0             @const1190
0      9   0    0             @const1191
 Inline         0             @cinit1

Program metrics:
    Functions               30
    Statements              1057
    Comments                1022
    Volume (V)              37463
    Difficulty (D)          158.0
    Effort to implement (E) 5918590
    Time to implement (T)   91 hours, 20 minutes
    Est Delivered Bugs (B)  11
    Cyclomatic Complexity   111
    Maintainability (MI)    94

 Segment     Used  Free
-----------  ----  ----
00000-00003     4  0  
00004-00059    86  0  
0005A-007FF  1924  34  
00800-00FFF  1591  457  
01000-017FF     0  2048  
01800-01FFF     0  2048  



